
**** Build of configuration Debug for project spi_demo_lab2_old ****

"C:\\Users\\thielith\\ti\\ccs1250\\ccs\\utils\\bin\\gmake" -k -j 4 all -O 
 
Building file: "../Adafruit_OLED.c"
Invoking: Arm Compiler
"C:/Users/thielith/ti/ccs1250/ccs/tools/compiler/ti-cgt-arm_20.2.7.LTS/bin/armcl" -mv7M4 --code_state=16 --float_support=none -me -Ooff --include_path="C:/Users/thielith/Desktop/Shared/class/EEC_172/lab-files/2/files/workspace/spi_demo_lab2" --include_path="C:/Users/thielith/ti/CC3200SDK_1.5.0/cc3200-sdk/" --include_path="C:/Users/thielith/ti/CC3200SDK_1.5.0/cc3200-sdk/driverlib/" --include_path="C:/Users/thielith/ti/CC3200SDK_1.5.0/cc3200-sdk/inc/" --include_path="C:/Users/thielith/ti/CC3200SDK_1.5.0/cc3200-sdk/example/common/" --include_path="C:/Users/thielith/ti/ccs1250/ccs/tools/compiler/ti-cgt-arm_20.2.7.LTS/include" --define=ccs --define=cc3200 -g --diag_warning=225 --diag_wrap=off --display_error_number --abi=eabi --preproc_with_compile --preproc_dependency="Adafruit_OLED.d_raw"  "../Adafruit_OLED.c"
Finished building: "../Adafruit_OLED.c"
 
Building file: "../main.c"
Invoking: Arm Compiler
"C:/Users/thielith/ti/ccs1250/ccs/tools/compiler/ti-cgt-arm_20.2.7.LTS/bin/armcl" -mv7M4 --code_state=16 --float_support=none -me -Ooff --include_path="C:/Users/thielith/Desktop/Shared/class/EEC_172/lab-files/2/files/workspace/spi_demo_lab2" --include_path="C:/Users/thielith/ti/CC3200SDK_1.5.0/cc3200-sdk/" --include_path="C:/Users/thielith/ti/CC3200SDK_1.5.0/cc3200-sdk/driverlib/" --include_path="C:/Users/thielith/ti/CC3200SDK_1.5.0/cc3200-sdk/inc/" --include_path="C:/Users/thielith/ti/CC3200SDK_1.5.0/cc3200-sdk/example/common/" --include_path="C:/Users/thielith/ti/ccs1250/ccs/tools/compiler/ti-cgt-arm_20.2.7.LTS/include" --define=ccs --define=cc3200 -g --diag_warning=225 --diag_wrap=off --display_error_number --abi=eabi --preproc_with_compile --preproc_dependency="main.d_raw"  "../main.c"
"../main.c", line 123: warning #179-D: function "oledMain" was declared but never referenced
Finished building: "../main.c"
 
Building file: "../oled_test.c"
Invoking: Arm Compiler
"C:/Users/thielith/ti/ccs1250/ccs/tools/compiler/ti-cgt-arm_20.2.7.LTS/bin/armcl" -mv7M4 --code_state=16 --float_support=none -me -Ooff --include_path="C:/Users/thielith/Desktop/Shared/class/EEC_172/lab-files/2/files/workspace/spi_demo_lab2" --include_path="C:/Users/thielith/ti/CC3200SDK_1.5.0/cc3200-sdk/" --include_path="C:/Users/thielith/ti/CC3200SDK_1.5.0/cc3200-sdk/driverlib/" --include_path="C:/Users/thielith/ti/CC3200SDK_1.5.0/cc3200-sdk/inc/" --include_path="C:/Users/thielith/ti/CC3200SDK_1.5.0/cc3200-sdk/example/common/" --include_path="C:/Users/thielith/ti/ccs1250/ccs/tools/compiler/ti-cgt-arm_20.2.7.LTS/include" --define=ccs --define=cc3200 -g --diag_warning=225 --diag_wrap=off --display_error_number --abi=eabi --preproc_with_compile --preproc_dependency="oled_test.d_raw"  "../oled_test.c"
"../oled_test.c", line 17: warning #179-D: variable "p" was declared but never referenced
Finished building: "../oled_test.c"
 
Building file: "../Adafruit_GFX.c"
Invoking: Arm Compiler
"C:/Users/thielith/ti/ccs1250/ccs/tools/compiler/ti-cgt-arm_20.2.7.LTS/bin/armcl" -mv7M4 --code_state=16 --float_support=none -me -Ooff --include_path="C:/Users/thielith/Desktop/Shared/class/EEC_172/lab-files/2/files/workspace/spi_demo_lab2" --include_path="C:/Users/thielith/ti/CC3200SDK_1.5.0/cc3200-sdk/" --include_path="C:/Users/thielith/ti/CC3200SDK_1.5.0/cc3200-sdk/driverlib/" --include_path="C:/Users/thielith/ti/CC3200SDK_1.5.0/cc3200-sdk/inc/" --include_path="C:/Users/thielith/ti/CC3200SDK_1.5.0/cc3200-sdk/example/common/" --include_path="C:/Users/thielith/ti/ccs1250/ccs/tools/compiler/ti-cgt-arm_20.2.7.LTS/include" --define=ccs --define=cc3200 -g --diag_warning=225 --diag_wrap=off --display_error_number --abi=eabi --preproc_with_compile --preproc_dependency="Adafruit_GFX.d_raw"  "../Adafruit_GFX.c"
Finished building: "../Adafruit_GFX.c"
 
Building file: "C:/Users/thielith/ti/CC3200SDK_1.5.0/cc3200-sdk/example/common/startup_ccs.c"
Invoking: Arm Compiler
"C:/Users/thielith/ti/ccs1250/ccs/tools/compiler/ti-cgt-arm_20.2.7.LTS/bin/armcl" -mv7M4 --code_state=16 --float_support=none -me -Ooff --include_path="C:/Users/thielith/Desktop/Shared/class/EEC_172/lab-files/2/files/workspace/spi_demo_lab2" --include_path="C:/Users/thielith/ti/CC3200SDK_1.5.0/cc3200-sdk/" --include_path="C:/Users/thielith/ti/CC3200SDK_1.5.0/cc3200-sdk/driverlib/" --include_path="C:/Users/thielith/ti/CC3200SDK_1.5.0/cc3200-sdk/inc/" --include_path="C:/Users/thielith/ti/CC3200SDK_1.5.0/cc3200-sdk/example/common/" --include_path="C:/Users/thielith/ti/ccs1250/ccs/tools/compiler/ti-cgt-arm_20.2.7.LTS/include" --define=ccs --define=cc3200 -g --diag_warning=225 --diag_wrap=off --display_error_number --abi=eabi --preproc_with_compile --preproc_dependency="startup_ccs.d_raw"  "C:/Users/thielith/ti/CC3200SDK_1.5.0/cc3200-sdk/example/common/startup_ccs.c"
Finished building: "C:/Users/thielith/ti/CC3200SDK_1.5.0/cc3200-sdk/example/common/startup_ccs.c"
 
Building file: "../pin_mux_config.c"
Invoking: Arm Compiler
"C:/Users/thielith/ti/ccs1250/ccs/tools/compiler/ti-cgt-arm_20.2.7.LTS/bin/armcl" -mv7M4 --code_state=16 --float_support=none -me -Ooff --include_path="C:/Users/thielith/Desktop/Shared/class/EEC_172/lab-files/2/files/workspace/spi_demo_lab2" --include_path="C:/Users/thielith/ti/CC3200SDK_1.5.0/cc3200-sdk/" --include_path="C:/Users/thielith/ti/CC3200SDK_1.5.0/cc3200-sdk/driverlib/" --include_path="C:/Users/thielith/ti/CC3200SDK_1.5.0/cc3200-sdk/inc/" --include_path="C:/Users/thielith/ti/CC3200SDK_1.5.0/cc3200-sdk/example/common/" --include_path="C:/Users/thielith/ti/ccs1250/ccs/tools/compiler/ti-cgt-arm_20.2.7.LTS/include" --define=ccs --define=cc3200 -g --diag_warning=225 --diag_wrap=off --display_error_number --abi=eabi --preproc_with_compile --preproc_dependency="pin_mux_config.d_raw"  "../pin_mux_config.c"
Finished building: "../pin_mux_config.c"
 
Building file: "../uart_if.c"
Invoking: Arm Compiler
"C:/Users/thielith/ti/ccs1250/ccs/tools/compiler/ti-cgt-arm_20.2.7.LTS/bin/armcl" -mv7M4 --code_state=16 --float_support=none -me -Ooff --include_path="C:/Users/thielith/Desktop/Shared/class/EEC_172/lab-files/2/files/workspace/spi_demo_lab2" --include_path="C:/Users/thielith/ti/CC3200SDK_1.5.0/cc3200-sdk/" --include_path="C:/Users/thielith/ti/CC3200SDK_1.5.0/cc3200-sdk/driverlib/" --include_path="C:/Users/thielith/ti/CC3200SDK_1.5.0/cc3200-sdk/inc/" --include_path="C:/Users/thielith/ti/CC3200SDK_1.5.0/cc3200-sdk/example/common/" --include_path="C:/Users/thielith/ti/ccs1250/ccs/tools/compiler/ti-cgt-arm_20.2.7.LTS/include" --define=ccs --define=cc3200 -g --diag_warning=225 --diag_wrap=off --display_error_number --abi=eabi --preproc_with_compile --preproc_dependency="uart_if.d_raw"  "../uart_if.c"
Finished building: "../uart_if.c"
 
Building target: "spi_demo_lab2.out"
Invoking: Arm Linker
"C:/Users/thielith/ti/ccs1250/ccs/tools/compiler/ti-cgt-arm_20.2.7.LTS/bin/armcl" -mv7M4 --code_state=16 --float_support=none -me -Ooff --define=ccs --define=cc3200 -g --diag_warning=225 --diag_wrap=off --display_error_number --abi=eabi -z -m"spi_demo_lab2.map" --heap_size=0x800 --stack_size=0x800 -i"C:/Users/thielith/ti/ccs1250/ccs/tools/compiler/ti-cgt-arm_20.2.7.LTS/lib" -i"C:/Users/thielith/ti/ccs1250/ccs/tools/compiler/ti-cgt-arm_20.2.7.LTS/include" --reread_libs --diag_wrap=off --display_error_number --warn_sections --xml_link_info="spi_demo_lab2_linkInfo.xml" --rom_model -o "spi_demo_lab2.out" "./Adafruit_GFX.obj" "./Adafruit_OLED.obj" "./main.obj" "./oled_test.obj" "./pin_mux_config.obj" "./startup_ccs.obj" "./uart_if.obj" "../cc3200v1p32.cmd"  -l"C:/Users/thielith/ti/CC3200SDK_1.5.0/cc3200-sdk/driverlib/ccs/Release/driverlib.a" -llibc.a 
<Linking>
Finished building target: "spi_demo_lab2.out"
 
C:/Users/thielith/ti/ccs1250/ccs/utils/tiobj2bin/tiobj2bin spi_demo_lab2.out spi_demo_lab2.bin C:/Users/thielith/ti/ccs1250/ccs/tools/compiler/ti-cgt-arm_20.2.7.LTS/bin/armofd C:/Users/thielith/ti/ccs1250/ccs/tools/compiler/ti-cgt-arm_20.2.7.LTS/bin/armhex C:/Users/thielith/ti/ccs1250/ccs/utils/tiobj2bin/mkhex4bin
 

**** Build Finished ****
