
**** Build of configuration Debug for project spi_demo ****

"C:\\ti\\ccs1280\\ccs\\utils\\bin\\gmake" -k -j 16 all -O 
 
Building file: "../pinmux.c"
Invoking: Arm Compiler
"C:/ti/ccs1280/ccs/tools/compiler/ti-cgt-arm_20.2.7.LTS/bin/armcl" -mv7M4 --code_state=16 --float_support=none -me -Ooff --include_path="C:/ti/CC3200SDK_1.5.0/cc3200-sdk/example/spi_demo/spi_demo" --include_path="C:/ti/CC3200SDK_1.5.0/cc3200-sdk/" --include_path="C:/ti/CC3200SDK_1.5.0/cc3200-sdk/driverlib/" --include_path="C:/ti/CC3200SDK_1.5.0/cc3200-sdk/inc/" --include_path="C:/ti/CC3200SDK_1.5.0/cc3200-sdk/example/common/" --include_path="C:/ti/ccs1280/ccs/tools/compiler/ti-cgt-arm_20.2.7.LTS/include" --define=ccs --define=cc3200 -g --diag_warning=225 --diag_wrap=off --display_error_number --abi=eabi --preproc_with_compile --preproc_dependency="pinmux.d_raw"  "../pinmux.c"
Finished building: "../pinmux.c"
 
Building file: "../main.c"
Invoking: Arm Compiler
"C:/ti/ccs1280/ccs/tools/compiler/ti-cgt-arm_20.2.7.LTS/bin/armcl" -mv7M4 --code_state=16 --float_support=none -me -Ooff --include_path="C:/ti/CC3200SDK_1.5.0/cc3200-sdk/example/spi_demo/spi_demo" --include_path="C:/ti/CC3200SDK_1.5.0/cc3200-sdk/" --include_path="C:/ti/CC3200SDK_1.5.0/cc3200-sdk/driverlib/" --include_path="C:/ti/CC3200SDK_1.5.0/cc3200-sdk/inc/" --include_path="C:/ti/CC3200SDK_1.5.0/cc3200-sdk/example/common/" --include_path="C:/ti/ccs1280/ccs/tools/compiler/ti-cgt-arm_20.2.7.LTS/include" --define=ccs --define=cc3200 -g --diag_warning=225 --diag_wrap=off --display_error_number --abi=eabi --preproc_with_compile --preproc_dependency="main.d_raw"  "../main.c"
Finished building: "../main.c"
 
Building file: "C:/ti/CC3200SDK_1.5.0/cc3200-sdk/example/common/startup_ccs.c"
Invoking: Arm Compiler
"C:/ti/ccs1280/ccs/tools/compiler/ti-cgt-arm_20.2.7.LTS/bin/armcl" -mv7M4 --code_state=16 --float_support=none -me -Ooff --include_path="C:/ti/CC3200SDK_1.5.0/cc3200-sdk/example/spi_demo/spi_demo" --include_path="C:/ti/CC3200SDK_1.5.0/cc3200-sdk/" --include_path="C:/ti/CC3200SDK_1.5.0/cc3200-sdk/driverlib/" --include_path="C:/ti/CC3200SDK_1.5.0/cc3200-sdk/inc/" --include_path="C:/ti/CC3200SDK_1.5.0/cc3200-sdk/example/common/" --include_path="C:/ti/ccs1280/ccs/tools/compiler/ti-cgt-arm_20.2.7.LTS/include" --define=ccs --define=cc3200 -g --diag_warning=225 --diag_wrap=off --display_error_number --abi=eabi --preproc_with_compile --preproc_dependency="startup_ccs.d_raw"  "C:/ti/CC3200SDK_1.5.0/cc3200-sdk/example/common/startup_ccs.c"
Finished building: "C:/ti/CC3200SDK_1.5.0/cc3200-sdk/example/common/startup_ccs.c"
 
Building file: "../uart_if.c"
Invoking: Arm Compiler
"C:/ti/ccs1280/ccs/tools/compiler/ti-cgt-arm_20.2.7.LTS/bin/armcl" -mv7M4 --code_state=16 --float_support=none -me -Ooff --include_path="C:/ti/CC3200SDK_1.5.0/cc3200-sdk/example/spi_demo/spi_demo" --include_path="C:/ti/CC3200SDK_1.5.0/cc3200-sdk/" --include_path="C:/ti/CC3200SDK_1.5.0/cc3200-sdk/driverlib/" --include_path="C:/ti/CC3200SDK_1.5.0/cc3200-sdk/inc/" --include_path="C:/ti/CC3200SDK_1.5.0/cc3200-sdk/example/common/" --include_path="C:/ti/ccs1280/ccs/tools/compiler/ti-cgt-arm_20.2.7.LTS/include" --define=ccs --define=cc3200 -g --diag_warning=225 --diag_wrap=off --display_error_number --abi=eabi --preproc_with_compile --preproc_dependency="uart_if.d_raw"  "../uart_if.c"
Finished building: "../uart_if.c"
 
Building target: "spi_demo.out"
Invoking: Arm Linker
"C:/ti/ccs1280/ccs/tools/compiler/ti-cgt-arm_20.2.7.LTS/bin/armcl" -mv7M4 --code_state=16 --float_support=none -me -Ooff --define=ccs --define=cc3200 -g --diag_warning=225 --diag_wrap=off --display_error_number --abi=eabi -z -m"spi_demo.map" --heap_size=0x800 --stack_size=0x800 -i"C:/ti/ccs1280/ccs/tools/compiler/ti-cgt-arm_20.2.7.LTS/lib" -i"C:/ti/ccs1280/ccs/tools/compiler/ti-cgt-arm_20.2.7.LTS/include" --reread_libs --diag_wrap=off --display_error_number --warn_sections --xml_link_info="spi_demo_linkInfo.xml" --rom_model -o "spi_demo.out" "./main.obj" "./pinmux.obj" "./startup_ccs.obj" "./uart_if.obj" "../cc3200v1p32.cmd"  -l"C:/ti/CC3200SDK_1.5.0/cc3200-sdk/driverlib/ccs/Release/driverlib.a" -llibc.a 
<Linking>
Finished building target: "spi_demo.out"
 
C:/ti/ccs1280/ccs/utils/tiobj2bin/tiobj2bin spi_demo.out spi_demo.bin C:/ti/ccs1280/ccs/tools/compiler/ti-cgt-arm_20.2.7.LTS/bin/armofd C:/ti/ccs1280/ccs/tools/compiler/ti-cgt-arm_20.2.7.LTS/bin/armhex C:/ti/ccs1280/ccs/utils/tiobj2bin/mkhex4bin
 

**** Build Finished ****

**** Build of configuration Debug for project spi_demo ****

"C:\\ti\\ccs1280\\ccs\\utils\\bin\\gmake" -k -j 16 all -O 
 
gmake[1]: 'spi_demo.out' is up to date.

**** Build Finished ****

**** Build of configuration Debug for project spi_demo ****

"C:\\ti\\ccs1280\\ccs\\utils\\bin\\gmake" -k -j 16 all -O 
 
gmake[1]: 'spi_demo.out' is up to date.

**** Build Finished ****

**** Build of configuration Debug for project spi_demo ****

"C:\\ti\\ccs1280\\ccs\\utils\\bin\\gmake" -k -j 16 all -O 
 
Building file: "../main.c"
Invoking: Arm Compiler
"C:/ti/ccs1280/ccs/tools/compiler/ti-cgt-arm_20.2.7.LTS/bin/armcl" -mv7M4 --code_state=16 --float_support=none -me -Ooff --include_path="C:/ti/CC3200SDK_1.5.0/cc3200-sdk/example/spi_demo/spi_demo" --include_path="C:/ti/CC3200SDK_1.5.0/cc3200-sdk/" --include_path="C:/ti/CC3200SDK_1.5.0/cc3200-sdk/driverlib/" --include_path="C:/ti/CC3200SDK_1.5.0/cc3200-sdk/inc/" --include_path="C:/ti/CC3200SDK_1.5.0/cc3200-sdk/example/common/" --include_path="C:/ti/ccs1280/ccs/tools/compiler/ti-cgt-arm_20.2.7.LTS/include" --define=ccs --define=cc3200 -g --diag_warning=225 --diag_wrap=off --display_error_number --abi=eabi --preproc_with_compile --preproc_dependency="main.d_raw"  "../main.c"
Finished building: "../main.c"
 
Building target: "spi_demo.out"
Invoking: Arm Linker
"C:/ti/ccs1280/ccs/tools/compiler/ti-cgt-arm_20.2.7.LTS/bin/armcl" -mv7M4 --code_state=16 --float_support=none -me -Ooff --define=ccs --define=cc3200 -g --diag_warning=225 --diag_wrap=off --display_error_number --abi=eabi -z -m"spi_demo.map" --heap_size=0x800 --stack_size=0x800 -i"C:/ti/ccs1280/ccs/tools/compiler/ti-cgt-arm_20.2.7.LTS/lib" -i"C:/ti/ccs1280/ccs/tools/compiler/ti-cgt-arm_20.2.7.LTS/include" --reread_libs --diag_wrap=off --display_error_number --warn_sections --xml_link_info="spi_demo_linkInfo.xml" --rom_model -o "spi_demo.out" "./main.obj" "./pinmux.obj" "./startup_ccs.obj" "./uart_if.obj" "../cc3200v1p32.cmd"  -l"C:/ti/CC3200SDK_1.5.0/cc3200-sdk/driverlib/ccs/Release/driverlib.a" -llibc.a 
<Linking>
Finished building target: "spi_demo.out"
 
C:/ti/ccs1280/ccs/utils/tiobj2bin/tiobj2bin spi_demo.out spi_demo.bin C:/ti/ccs1280/ccs/tools/compiler/ti-cgt-arm_20.2.7.LTS/bin/armofd C:/ti/ccs1280/ccs/tools/compiler/ti-cgt-arm_20.2.7.LTS/bin/armhex C:/ti/ccs1280/ccs/utils/tiobj2bin/mkhex4bin
 

**** Build Finished ****

**** Build of configuration Debug for project spi_demo ****

"C:\\ti\\ccs1280\\ccs\\utils\\bin\\gmake" -k -j 16 all -O 
 
gmake[1]: 'spi_demo.out' is up to date.

**** Build Finished ****
